<?xml version="1.0" encoding="UTF-8"?>
<coverage generated="1703402811107" clover="3.2.0">
  <project timestamp="1703402811107" name="All files">
    <metrics statements="17" coveredstatements="6" conditionals="6" coveredconditionals="2" methods="2" coveredmethods="1" elements="25" coveredelements="9" complexity="0" loc="17" ncloc="17" packages="1" files="1" classes="1"/>
    <file name="wallupload.js" path="C:\Users\a9021\Desktop\2023\Backend Learning\app_works_school\personal project\nodejs\server\controller\wallupload.js">
      <metrics statements="17" coveredstatements="6" conditionals="6" coveredconditionals="2" methods="2" coveredmethods="1"/>
      <line num="8" count="2" type="stmt"/>
      <line num="9" count="2" type="cond" truecount="2" falsecount="0"/>
      <line num="10" count="1" type="stmt"/>
      <line num="12" count="1" type="stmt"/>
      <line num="15" count="0" type="stmt"/>
      <line num="20" count="0" type="stmt"/>
      <line num="25" count="0" type="cond" truecount="0" falsecount="4"/>
      <line num="28" count="0" type="stmt"/>
      <line num="29" count="0" type="stmt"/>
      <line num="31" count="0" type="stmt"/>
      <line num="39" count="0" type="stmt"/>
      <line num="41" count="0" type="stmt"/>
      <line num="42" count="0" type="stmt"/>
      <line num="48" count="0" type="stmt"/>
      <line num="50" count="0" type="stmt"/>
      <line num="52" count="1" type="stmt"/>
      <line num="53" count="1" type="stmt"/>
    </file>
  </project>
</coverage>
