{"C:\\Users\\a9021\\Desktop\\2023\\Backend Learning\\app_works_school\\personal project\\nodejs\\server\\controller\\gameLogic.js": {"path":"C:\\Users\\a9021\\Desktop\\2023\\Backend Learning\\app_works_school\\personal project\\nodejs\\server\\controller\\gameLogic.js","statementMap":{"0":{"start":{"line":18,"column":18},"end":{"line":18,"column":69}},"1":{"start":{"line":20,"column":2},"end":{"line":22,"column":3}},"2":{"start":{"line":21,"column":4},"end":{"line":21,"column":52}},"3":{"start":{"line":24,"column":2},"end":{"line":85,"column":3}},"4":{"start":{"line":25,"column":22},"end":{"line":25,"column":38}},"5":{"start":{"line":26,"column":21},"end":{"line":26,"column":42}},"6":{"start":{"line":27,"column":4},"end":{"line":84,"column":5}},"7":{"start":{"line":28,"column":6},"end":{"line":28,"column":33}},"8":{"start":{"line":29,"column":6},"end":{"line":29,"column":48}},"9":{"start":{"line":32,"column":28},"end":{"line":32,"column":50}},"10":{"start":{"line":33,"column":22},"end":{"line":37,"column":7}},"11":{"start":{"line":39,"column":6},"end":{"line":50,"column":7}},"12":{"start":{"line":40,"column":8},"end":{"line":45,"column":10}},"13":{"start":{"line":47,"column":8},"end":{"line":47,"column":36}},"14":{"start":{"line":48,"column":8},"end":{"line":48,"column":44}},"15":{"start":{"line":49,"column":8},"end":{"line":49,"column":68}},"16":{"start":{"line":53,"column":27},"end":{"line":53,"column":63}},"17":{"start":{"line":54,"column":6},"end":{"line":54,"column":53}},"18":{"start":{"line":55,"column":27},"end":{"line":59,"column":7}},"19":{"start":{"line":61,"column":6},"end":{"line":74,"column":7}},"20":{"start":{"line":62,"column":22},"end":{"line":62,"column":62}},"21":{"start":{"line":63,"column":8},"end":{"line":63,"column":35}},"22":{"start":{"line":65,"column":8},"end":{"line":69,"column":9}},"23":{"start":{"line":66,"column":10},"end":{"line":66,"column":80}},"24":{"start":{"line":68,"column":10},"end":{"line":68,"column":70}},"25":{"start":{"line":71,"column":8},"end":{"line":71,"column":36}},"26":{"start":{"line":72,"column":8},"end":{"line":72,"column":44}},"27":{"start":{"line":73,"column":8},"end":{"line":73,"column":62}},"28":{"start":{"line":76,"column":6},"end":{"line":76,"column":34}},"29":{"start":{"line":77,"column":6},"end":{"line":77,"column":42}},"30":{"start":{"line":78,"column":6},"end":{"line":78,"column":41}},"31":{"start":{"line":80,"column":6},"end":{"line":80,"column":23}},"32":{"start":{"line":81,"column":6},"end":{"line":81,"column":36}},"33":{"start":{"line":82,"column":6},"end":{"line":82,"column":42}},"34":{"start":{"line":83,"column":6},"end":{"line":83,"column":38}}},"fnMap":{"0":{"name":"updateGameRank","decl":{"start":{"line":17,"column":22},"end":{"line":17,"column":36}},"loc":{"start":{"line":17,"column":60},"end":{"line":86,"column":1}},"line":17}},"branchMap":{"0":{"loc":{"start":{"line":20,"column":2},"end":{"line":22,"column":3}},"type":"if","locations":[{"start":{"line":20,"column":2},"end":{"line":22,"column":3}},{"start":{},"end":{}}],"line":20},"1":{"loc":{"start":{"line":39,"column":6},"end":{"line":50,"column":7}},"type":"if","locations":[{"start":{"line":39,"column":6},"end":{"line":50,"column":7}},{"start":{"line":46,"column":13},"end":{"line":50,"column":7}}],"line":39},"2":{"loc":{"start":{"line":61,"column":6},"end":{"line":74,"column":7}},"type":"if","locations":[{"start":{"line":61,"column":6},"end":{"line":74,"column":7}},{"start":{"line":70,"column":13},"end":{"line":74,"column":7}}],"line":61},"3":{"loc":{"start":{"line":65,"column":8},"end":{"line":69,"column":9}},"type":"if","locations":[{"start":{"line":65,"column":8},"end":{"line":69,"column":9}},{"start":{"line":67,"column":15},"end":{"line":69,"column":9}}],"line":65}},"s":{"0":5,"1":5,"2":1,"3":4,"4":4,"5":4,"6":4,"7":4,"8":4,"9":4,"10":4,"11":3,"12":2,"13":1,"14":1,"15":1,"16":2,"17":2,"18":2,"19":2,"20":1,"21":1,"22":1,"23":1,"24":0,"25":1,"26":1,"27":1,"28":1,"29":1,"30":1,"31":1,"32":1,"33":1,"34":1},"f":{"0":5},"b":{"0":[1,4],"1":[2,1],"2":[1,1],"3":[1,0]},"_coverageSchema":"1a1c01bbd47fc00a2c39e90264f33305004495a9","hash":"8f7b37bccda76d9e91963f8d94f7d28a12c9503e"}
,"C:\\Users\\a9021\\Desktop\\2023\\Backend Learning\\app_works_school\\personal project\\nodejs\\server\\controller\\roleValidation.js": {"path":"C:\\Users\\a9021\\Desktop\\2023\\Backend Learning\\app_works_school\\personal project\\nodejs\\server\\controller\\roleValidation.js","statementMap":{"0":{"start":{"line":5,"column":28},"end":{"line":5,"column":35}},"1":{"start":{"line":7,"column":2},"end":{"line":9,"column":3}},"2":{"start":{"line":8,"column":4},"end":{"line":8,"column":37}},"3":{"start":{"line":12,"column":18},"end":{"line":12,"column":45}},"4":{"start":{"line":13,"column":2},"end":{"line":17,"column":3}},"5":{"start":{"line":14,"column":4},"end":{"line":14,"column":60}},"6":{"start":{"line":16,"column":4},"end":{"line":16,"column":40}},"7":{"start":{"line":19,"column":17},"end":{"line":19,"column":50}},"8":{"start":{"line":21,"column":2},"end":{"line":23,"column":3}},"9":{"start":{"line":22,"column":4},"end":{"line":22,"column":18}},"10":{"start":{"line":24,"column":2},"end":{"line":24,"column":17}}},"fnMap":{"0":{"name":"roleValidation","decl":{"start":{"line":4,"column":22},"end":{"line":4,"column":36}},"loc":{"start":{"line":4,"column":46},"end":{"line":25,"column":1}},"line":4}},"branchMap":{"0":{"loc":{"start":{"line":7,"column":2},"end":{"line":9,"column":3}},"type":"if","locations":[{"start":{"line":7,"column":2},"end":{"line":9,"column":3}},{"start":{},"end":{}}],"line":7},"1":{"loc":{"start":{"line":21,"column":2},"end":{"line":23,"column":3}},"type":"if","locations":[{"start":{"line":21,"column":2},"end":{"line":23,"column":3}},{"start":{},"end":{}}],"line":21}},"s":{"0":4,"1":4,"2":1,"3":3,"4":3,"5":3,"6":1,"7":2,"8":2,"9":1,"10":1},"f":{"0":4},"b":{"0":[1,3],"1":[1,1]},"_coverageSchema":"1a1c01bbd47fc00a2c39e90264f33305004495a9","hash":"216fb2b798d832d90b665676041da8a8f064144f"}
,"C:\\Users\\a9021\\Desktop\\2023\\Backend Learning\\app_works_school\\personal project\\nodejs\\server\\controller\\wallupload.js": {"path":"C:\\Users\\a9021\\Desktop\\2023\\Backend Learning\\app_works_school\\personal project\\nodejs\\server\\controller\\wallupload.js","statementMap":{"0":{"start":{"line":8,"column":2},"end":{"line":54,"column":3}},"1":{"start":{"line":9,"column":4},"end":{"line":11,"column":5}},"2":{"start":{"line":10,"column":6},"end":{"line":10,"column":24}},"3":{"start":{"line":12,"column":17},"end":{"line":14,"column":5}},"4":{"start":{"line":15,"column":28},"end":{"line":18,"column":20}},"5":{"start":{"line":20,"column":27},"end":{"line":23,"column":5}},"6":{"start":{"line":25,"column":4},"end":{"line":49,"column":5}},"7":{"start":{"line":28,"column":21},"end":{"line":28,"column":66}},"8":{"start":{"line":29,"column":6},"end":{"line":29,"column":64}},"9":{"start":{"line":29,"column":37},"end":{"line":29,"column":62}},"10":{"start":{"line":31,"column":6},"end":{"line":37,"column":9}},"11":{"start":{"line":39,"column":6},"end":{"line":39,"column":52}},"12":{"start":{"line":41,"column":21},"end":{"line":41,"column":30}},"13":{"start":{"line":42,"column":6},"end":{"line":47,"column":8}},"14":{"start":{"line":48,"column":6},"end":{"line":48,"column":57}},"15":{"start":{"line":50,"column":4},"end":{"line":50,"column":30}},"16":{"start":{"line":52,"column":4},"end":{"line":52,"column":21}},"17":{"start":{"line":53,"column":4},"end":{"line":53,"column":26}}},"fnMap":{"0":{"name":"wallUpload","decl":{"start":{"line":7,"column":22},"end":{"line":7,"column":32}},"loc":{"start":{"line":7,"column":40},"end":{"line":55,"column":1}},"line":7},"1":{"name":"(anonymous_1)","decl":{"start":{"line":29,"column":24},"end":{"line":29,"column":25}},"loc":{"start":{"line":29,"column":37},"end":{"line":29,"column":62}},"line":29}},"branchMap":{"0":{"loc":{"start":{"line":9,"column":4},"end":{"line":11,"column":5}},"type":"if","locations":[{"start":{"line":9,"column":4},"end":{"line":11,"column":5}},{"start":{},"end":{}}],"line":9},"1":{"loc":{"start":{"line":25,"column":4},"end":{"line":49,"column":5}},"type":"if","locations":[{"start":{"line":25,"column":4},"end":{"line":49,"column":5}},{"start":{"line":40,"column":11},"end":{"line":49,"column":5}}],"line":25},"2":{"loc":{"start":{"line":25,"column":8},"end":{"line":25,"column":45}},"type":"binary-expr","locations":[{"start":{"line":25,"column":8},"end":{"line":25,"column":27}},{"start":{"line":25,"column":31},"end":{"line":25,"column":45}}],"line":25}},"s":{"0":2,"1":2,"2":1,"3":1,"4":0,"5":0,"6":0,"7":0,"8":0,"9":0,"10":0,"11":0,"12":0,"13":0,"14":0,"15":0,"16":1,"17":1},"f":{"0":2,"1":0},"b":{"0":[1,1],"1":[0,0],"2":[0,0]},"_coverageSchema":"1a1c01bbd47fc00a2c39e90264f33305004495a9","hash":"c6843729cba974d8de15edac3784d0f16833f145"}
}
