{"C:\\Users\\a9021\\Desktop\\2023\\Backend Learning\\app_works_school\\personal project\\nodejs\\server\\controller\\wallupload.js": {"path":"C:\\Users\\a9021\\Desktop\\2023\\Backend Learning\\app_works_school\\personal project\\nodejs\\server\\controller\\wallupload.js","statementMap":{"0":{"start":{"line":8,"column":2},"end":{"line":54,"column":3}},"1":{"start":{"line":9,"column":4},"end":{"line":11,"column":5}},"2":{"start":{"line":10,"column":6},"end":{"line":10,"column":24}},"3":{"start":{"line":12,"column":17},"end":{"line":14,"column":5}},"4":{"start":{"line":15,"column":28},"end":{"line":18,"column":20}},"5":{"start":{"line":20,"column":27},"end":{"line":23,"column":5}},"6":{"start":{"line":25,"column":4},"end":{"line":49,"column":5}},"7":{"start":{"line":28,"column":21},"end":{"line":28,"column":66}},"8":{"start":{"line":29,"column":6},"end":{"line":29,"column":64}},"9":{"start":{"line":29,"column":37},"end":{"line":29,"column":62}},"10":{"start":{"line":31,"column":6},"end":{"line":37,"column":9}},"11":{"start":{"line":39,"column":6},"end":{"line":39,"column":52}},"12":{"start":{"line":41,"column":21},"end":{"line":41,"column":30}},"13":{"start":{"line":42,"column":6},"end":{"line":47,"column":8}},"14":{"start":{"line":48,"column":6},"end":{"line":48,"column":57}},"15":{"start":{"line":50,"column":4},"end":{"line":50,"column":30}},"16":{"start":{"line":52,"column":4},"end":{"line":52,"column":21}},"17":{"start":{"line":53,"column":4},"end":{"line":53,"column":26}}},"fnMap":{"0":{"name":"wallUpload","decl":{"start":{"line":7,"column":22},"end":{"line":7,"column":32}},"loc":{"start":{"line":7,"column":40},"end":{"line":55,"column":1}},"line":7},"1":{"name":"(anonymous_1)","decl":{"start":{"line":29,"column":24},"end":{"line":29,"column":25}},"loc":{"start":{"line":29,"column":37},"end":{"line":29,"column":62}},"line":29}},"branchMap":{"0":{"loc":{"start":{"line":9,"column":4},"end":{"line":11,"column":5}},"type":"if","locations":[{"start":{"line":9,"column":4},"end":{"line":11,"column":5}},{"start":{},"end":{}}],"line":9},"1":{"loc":{"start":{"line":25,"column":4},"end":{"line":49,"column":5}},"type":"if","locations":[{"start":{"line":25,"column":4},"end":{"line":49,"column":5}},{"start":{"line":40,"column":11},"end":{"line":49,"column":5}}],"line":25},"2":{"loc":{"start":{"line":25,"column":8},"end":{"line":25,"column":45}},"type":"binary-expr","locations":[{"start":{"line":25,"column":8},"end":{"line":25,"column":27}},{"start":{"line":25,"column":31},"end":{"line":25,"column":45}}],"line":25}},"s":{"0":2,"1":2,"2":1,"3":1,"4":0,"5":0,"6":0,"7":0,"8":0,"9":0,"10":0,"11":0,"12":0,"13":0,"14":0,"15":0,"16":1,"17":1},"f":{"0":2,"1":0},"b":{"0":[1,1],"1":[0,0],"2":[0,0]},"_coverageSchema":"1a1c01bbd47fc00a2c39e90264f33305004495a9","hash":"c6843729cba974d8de15edac3784d0f16833f145"}
}
