TN:
SF:controller\gameLogic.js
FN:17,updateGameRank
FNF:1
FNH:1
FNDA:5,updateGameRank
DA:18,5
DA:20,5
DA:21,1
DA:24,4
DA:25,4
DA:26,4
DA:27,4
DA:28,4
DA:29,4
DA:32,4
DA:33,4
DA:39,3
DA:40,2
DA:47,1
DA:48,1
DA:49,1
DA:53,2
DA:54,2
DA:55,2
DA:61,2
DA:62,1
DA:63,1
DA:65,1
DA:66,1
DA:68,0
DA:71,1
DA:72,1
DA:73,1
DA:76,1
DA:77,1
DA:78,1
DA:80,1
DA:81,1
DA:82,1
DA:83,1
LF:35
LH:34
BRDA:20,0,0,1
BRDA:20,0,1,4
BRDA:39,1,0,2
BRDA:39,1,1,1
BRDA:61,2,0,1
BRDA:61,2,1,1
BRDA:65,3,0,1
BRDA:65,3,1,0
BRF:8
BRH:7
end_of_record
TN:
SF:controller\roleValidation.js
FN:4,roleValidation
FNF:1
FNH:1
FNDA:4,roleValidation
DA:5,4
DA:7,4
DA:8,1
DA:12,3
DA:13,3
DA:14,3
DA:16,1
DA:19,2
DA:21,2
DA:22,1
DA:24,1
LF:11
LH:11
BRDA:7,0,0,1
BRDA:7,0,1,3
BRDA:21,1,0,1
BRDA:21,1,1,1
BRF:4
BRH:4
end_of_record
TN:
SF:controller\wallupload.js
FN:7,wallUpload
FN:29,(anonymous_1)
FNF:2
FNH:1
FNDA:2,wallUpload
FNDA:0,(anonymous_1)
DA:8,2
DA:9,2
DA:10,1
DA:12,1
DA:15,0
DA:20,0
DA:25,0
DA:28,0
DA:29,0
DA:31,0
DA:39,0
DA:41,0
DA:42,0
DA:48,0
DA:50,0
DA:52,1
DA:53,1
LF:17
LH:6
BRDA:9,0,0,1
BRDA:9,0,1,1
BRDA:25,1,0,0
BRDA:25,1,1,0
BRDA:25,2,0,0
BRDA:25,2,1,0
BRF:6
BRH:2
end_of_record
