<?xml version="1.0" encoding="UTF-8"?>
<coverage generated="1703506949801" clover="3.2.0">
  <project timestamp="1703506949801" name="All files">
    <metrics statements="9" coveredstatements="2" conditionals="2" coveredconditionals="0" methods="3" coveredmethods="0" elements="14" coveredelements="2" complexity="0" loc="9" ncloc="9" packages="1" files="1" classes="1"/>
    <file name="multer.js" path="C:\Users\a9021\Desktop\2023\Backend Learning\app_works_school\personal project\nodejs\server\middleware\multer.js">
      <metrics statements="9" coveredstatements="2" conditionals="2" coveredconditionals="0" methods="3" coveredmethods="0"/>
      <line num="4" count="1" type="stmt"/>
      <line num="6" count="0" type="stmt"/>
      <line num="10" count="0" type="stmt"/>
      <line num="14" count="0" type="stmt"/>
      <line num="15" count="0" type="stmt"/>
      <line num="20" count="0" type="cond" truecount="0" falsecount="2"/>
      <line num="21" count="0" type="stmt"/>
      <line num="23" count="0" type="stmt"/>
      <line num="26" count="1" type="stmt"/>
    </file>
  </project>
</coverage>
